<?xml version="1.0" encoding="UTF-8"?>
<!-- Generated by org.testng.reporters.JUnitReportReporter -->
<testsuite skipped="0" hostname="HARSHA-PC" name="com.Demoblaze.TestRunner.Contact_TestRunner" tests="1" failures="0" timestamp="2020-04-13T14:34:45 IST" time="23.928" errors="0">
  <testcase name="login" time="23.928" classname="com.Demoblaze.TestRunner.Contact_TestRunner"/>
  <system-out/>
</testsuite> <!-- com.Demoblaze.TestRunner.Contact_TestRunner -->
