<?xml version="1.0" encoding="UTF-8"?>
<!-- Generated by org.testng.reporters.JUnitReportReporter -->
<testsuite skipped="0" hostname="HARSHA-PC" name="com.Demoblaze.TestRunner.TestRunner" tests="4" failures="0" timestamp="2020-04-13T08:09:21 IST" time="139.556" errors="0">
  <testcase name="login" time="25.268" classname="com.Demoblaze.TestRunner.TestRunner"/>
  <system-out/>
  <testcase name="login" time="21.871" classname="com.Demoblaze.TestRunner.TestRunner"/>
  <system-out/>
  <testcase name="login" time="21.794" classname="com.Demoblaze.TestRunner.TestRunner"/>
  <system-out/>
  <testcase name="login" time="70.623" classname="com.Demoblaze.TestRunner.TestRunner"/>
  <system-out/>
</testsuite> <!-- com.Demoblaze.TestRunner.TestRunner -->
